c:\users\wolfe\desktop\audio\wiseaudioengine\audioengine\debug\audioengine.lib
c:\users\wolfe\desktop\audio\wiseaudioengine\audioengine\debug\audioengine.exp
c:\users\wolfe\desktop\audio\wiseaudioengine\audioengine\audioengine\debug\vc142.pdb
c:\users\wolfe\desktop\audio\wiseaudioengine\audioengine\audioengine\debug\vc142.idb
c:\users\wolfe\desktop\audio\wiseaudioengine\audioengine\audioengine\debug\audioengine.obj
c:\users\wolfe\desktop\audio\wiseaudioengine\audioengine\audioengine\debug\stdafx.obj
c:\users\wolfe\desktop\audio\wiseaudioengine\audioengine\audioengine\debug\akdefaultiohookdeferred.obj
c:\users\wolfe\desktop\audio\wiseaudioengine\audioengine\audioengine\debug\akdefaultiohookblocking.obj
c:\users\wolfe\desktop\audio\wiseaudioengine\audioengine\audioengine\debug\akmultiplefilelocation.obj
c:\users\wolfe\desktop\audio\wiseaudioengine\audioengine\audioengine\debug\akfilepackagelut.obj
c:\users\wolfe\desktop\audio\wiseaudioengine\audioengine\audioengine\debug\akfilepackage.obj
c:\users\wolfe\desktop\audio\wiseaudioengine\audioengine\audioengine\debug\akfilelocationbase.obj
c:\users\wolfe\desktop\audio\wiseaudioengine\audioengine\audioengine\debug\akdefaultlowleveliodispatcher.obj
c:\users\wolfe\desktop\audio\wiseaudioengine\audioengine\debug\audioengine.exe
c:\users\wolfe\desktop\audio\wiseaudioengine\audioengine\debug\audioengine.ilk
c:\users\wolfe\desktop\audio\wiseaudioengine\audioengine\debug\audioengine.pdb
c:\users\wolfe\desktop\audio\wiseaudioengine\audioengine\audioengine\debug\audioengine.tlog\audioengine.write.1u.tlog
c:\users\wolfe\desktop\audio\wiseaudioengine\audioengine\audioengine\debug\audioengine.tlog\cl.command.1.tlog
c:\users\wolfe\desktop\audio\wiseaudioengine\audioengine\audioengine\debug\audioengine.tlog\cl.read.1.tlog
c:\users\wolfe\desktop\audio\wiseaudioengine\audioengine\audioengine\debug\audioengine.tlog\cl.write.1.tlog
c:\users\wolfe\desktop\audio\wiseaudioengine\audioengine\audioengine\debug\audioengine.tlog\link.command.1.tlog
c:\users\wolfe\desktop\audio\wiseaudioengine\audioengine\audioengine\debug\audioengine.tlog\link.delete.1.tlog
c:\users\wolfe\desktop\audio\wiseaudioengine\audioengine\audioengine\debug\audioengine.tlog\link.read.1.tlog
c:\users\wolfe\desktop\audio\wiseaudioengine\audioengine\audioengine\debug\audioengine.tlog\link.write.1.tlog
